==3190== Memcheck, a memory error detector
==3190== Copyright (C) 2002-2017, and GNU GPL'd, by Julian Seward et al.
==3190== Using Valgrind-3.15.0 and LibVEX; rerun with -h for copyright info
==3190== Command: ./g
==3190== Parent PID: 2536
==3190== 
==3190== Conditional jump or move depends on uninitialised value(s)
==3190==    at 0x10968E: hash_table_set (in /home/alx-low_level_programming/0x1A-hash_tables/g)
==3190==    by 0x10925C: main (in /home/alx-low_level_programming/0x1A-hash_tables/g)
==3190== 
==3190== Conditional jump or move depends on uninitialised value(s)
==3190==    at 0x10968E: hash_table_set (in /home/alx-low_level_programming/0x1A-hash_tables/g)
==3190==    by 0x109276: main (in /home/alx-low_level_programming/0x1A-hash_tables/g)
==3190== 
==3190== Conditional jump or move depends on uninitialised value(s)
==3190==    at 0x10968E: hash_table_set (in /home/alx-low_level_programming/0x1A-hash_tables/g)
==3190==    by 0x109290: main (in /home/alx-low_level_programming/0x1A-hash_tables/g)
==3190== 
==3190== Conditional jump or move depends on uninitialised value(s)
==3190==    at 0x10968E: hash_table_set (in /home/alx-low_level_programming/0x1A-hash_tables/g)
==3190==    by 0x1092AA: main (in /home/alx-low_level_programming/0x1A-hash_tables/g)
==3190== 
==3190== Conditional jump or move depends on uninitialised value(s)
==3190==    at 0x10968E: hash_table_set (in /home/alx-low_level_programming/0x1A-hash_tables/g)
==3190==    by 0x1092C4: main (in /home/alx-low_level_programming/0x1A-hash_tables/g)
==3190== 
==3190== Conditional jump or move depends on uninitialised value(s)
==3190==    at 0x10968E: hash_table_set (in /home/alx-low_level_programming/0x1A-hash_tables/g)
==3190==    by 0x1092DE: main (in /home/alx-low_level_programming/0x1A-hash_tables/g)
==3190== 
==3190== Conditional jump or move depends on uninitialised value(s)
==3190==    at 0x10968E: hash_table_set (in /home/alx-low_level_programming/0x1A-hash_tables/g)
==3190==    by 0x1092F8: main (in /home/alx-low_level_programming/0x1A-hash_tables/g)
==3190== 
==3190== Conditional jump or move depends on uninitialised value(s)
==3190==    at 0x10968E: hash_table_set (in /home/alx-low_level_programming/0x1A-hash_tables/g)
==3190==    by 0x10932F: main (in /home/alx-low_level_programming/0x1A-hash_tables/g)
==3190== 
==3190== Conditional jump or move depends on uninitialised value(s)
==3190==    at 0x10968E: hash_table_set (in /home/alx-low_level_programming/0x1A-hash_tables/g)
==3190==    by 0x109389: main (in /home/alx-low_level_programming/0x1A-hash_tables/g)
==3190== 
==3190== Invalid write of size 1
==3190==    at 0x483F0AC: strcpy (in /usr/lib/x86_64-linux-gnu/valgrind/vgpreload_memcheck-amd64-linux.so)
==3190==    by 0x1096F1: hash_table_set (in /home/alx-low_level_programming/0x1A-hash_tables/g)
==3190==    by 0x1093A3: main (in /home/alx-low_level_programming/0x1A-hash_tables/g)
==3190==  Address 0x4a4bea4 is 0 bytes after a block of size 4 alloc'd
==3190==    at 0x483B7F3: malloc (in /usr/lib/x86_64-linux-gnu/valgrind/vgpreload_memcheck-amd64-linux.so)
==3190==    by 0x48F33BE: strdup (strdup.c:42)
==3190==    by 0x109558: make_node (in /home/alx-low_level_programming/0x1A-hash_tables/g)
==3190==    by 0x10963F: hash_table_set (in /home/alx-low_level_programming/0x1A-hash_tables/g)
==3190==    by 0x109389: main (in /home/alx-low_level_programming/0x1A-hash_tables/g)
==3190== 
==3190== Invalid write of size 1
==3190==    at 0x483F0BE: strcpy (in /usr/lib/x86_64-linux-gnu/valgrind/vgpreload_memcheck-amd64-linux.so)
==3190==    by 0x1096F1: hash_table_set (in /home/alx-low_level_programming/0x1A-hash_tables/g)
==3190==    by 0x1093A3: main (in /home/alx-low_level_programming/0x1A-hash_tables/g)
==3190==  Address 0x4a4bea5 is 1 bytes after a block of size 4 alloc'd
==3190==    at 0x483B7F3: malloc (in /usr/lib/x86_64-linux-gnu/valgrind/vgpreload_memcheck-amd64-linux.so)
==3190==    by 0x48F33BE: strdup (strdup.c:42)
==3190==    by 0x109558: make_node (in /home/alx-low_level_programming/0x1A-hash_tables/g)
==3190==    by 0x10963F: hash_table_set (in /home/alx-low_level_programming/0x1A-hash_tables/g)
==3190==    by 0x109389: main (in /home/alx-low_level_programming/0x1A-hash_tables/g)
==3190== 
==3190== Conditional jump or move depends on uninitialised value(s)
==3190==    at 0x109885: hash_table_print (in /home/alx-low_level_programming/0x1A-hash_tables/g)
==3190==    by 0x1093E3: main (in /home/alx-low_level_programming/0x1A-hash_tables/g)
==3190== 
==3190== Invalid read of size 1
==3190==    at 0x483EF54: strlen (in /usr/lib/x86_64-linux-gnu/valgrind/vgpreload_memcheck-amd64-linux.so)
==3190==    by 0x48CCD44: __vfprintf_internal (vfprintf-internal.c:1688)
==3190==    by 0x48B5D6E: printf (printf.c:33)
==3190==    by 0x10986F: hash_table_print (in /home/alx-low_level_programming/0x1A-hash_tables/g)
==3190==    by 0x1093E3: main (in /home/alx-low_level_programming/0x1A-hash_tables/g)
==3190==  Address 0x4a4bea4 is 0 bytes after a block of size 4 alloc'd
==3190==    at 0x483B7F3: malloc (in /usr/lib/x86_64-linux-gnu/valgrind/vgpreload_memcheck-amd64-linux.so)
==3190==    by 0x48F33BE: strdup (strdup.c:42)
==3190==    by 0x109558: make_node (in /home/alx-low_level_programming/0x1A-hash_tables/g)
==3190==    by 0x10963F: hash_table_set (in /home/alx-low_level_programming/0x1A-hash_tables/g)
==3190==    by 0x109389: main (in /home/alx-low_level_programming/0x1A-hash_tables/g)
==3190== 
==3190== Invalid read of size 1
==3190==    at 0x48E373C: _IO_new_file_xsputn (fileops.c:1219)
==3190==    by 0x48E373C: _IO_file_xsputn@@GLIBC_2.2.5 (fileops.c:1197)
==3190==    by 0x48CB12B: __vfprintf_internal (vfprintf-internal.c:1688)
==3190==    by 0x48B5D6E: printf (printf.c:33)
==3190==    by 0x10986F: hash_table_print (in /home/alx-low_level_programming/0x1A-hash_tables/g)
==3190==    by 0x1093E3: main (in /home/alx-low_level_programming/0x1A-hash_tables/g)
==3190==  Address 0x4a4bea4 is 0 bytes after a block of size 4 alloc'd
==3190==    at 0x483B7F3: malloc (in /usr/lib/x86_64-linux-gnu/valgrind/vgpreload_memcheck-amd64-linux.so)
==3190==    by 0x48F33BE: strdup (strdup.c:42)
==3190==    by 0x109558: make_node (in /home/alx-low_level_programming/0x1A-hash_tables/g)
==3190==    by 0x10963F: hash_table_set (in /home/alx-low_level_programming/0x1A-hash_tables/g)
==3190==    by 0x109389: main (in /home/alx-low_level_programming/0x1A-hash_tables/g)
==3190== 
==3190== Invalid read of size 1
==3190==    at 0x48436A0: mempcpy (in /usr/lib/x86_64-linux-gnu/valgrind/vgpreload_memcheck-amd64-linux.so)
==3190==    by 0x48E3661: _IO_new_file_xsputn (fileops.c:1236)
==3190==    by 0x48E3661: _IO_file_xsputn@@GLIBC_2.2.5 (fileops.c:1197)
==3190==    by 0x48CB12B: __vfprintf_internal (vfprintf-internal.c:1688)
==3190==    by 0x48B5D6E: printf (printf.c:33)
==3190==    by 0x10986F: hash_table_print (in /home/alx-low_level_programming/0x1A-hash_tables/g)
==3190==    by 0x1093E3: main (in /home/alx-low_level_programming/0x1A-hash_tables/g)
==3190==  Address 0x4a4bea4 is 0 bytes after a block of size 4 alloc'd
==3190==    at 0x483B7F3: malloc (in /usr/lib/x86_64-linux-gnu/valgrind/vgpreload_memcheck-amd64-linux.so)
==3190==    by 0x48F33BE: strdup (strdup.c:42)
==3190==    by 0x109558: make_node (in /home/alx-low_level_programming/0x1A-hash_tables/g)
==3190==    by 0x10963F: hash_table_set (in /home/alx-low_level_programming/0x1A-hash_tables/g)
==3190==    by 0x109389: main (in /home/alx-low_level_programming/0x1A-hash_tables/g)
==3190== 
==3190== Conditional jump or move depends on uninitialised value(s)
==3190==    at 0x10993F: hash_table_delete (in /home/alx-low_level_programming/0x1A-hash_tables/g)
==3190==    by 0x1093EF: main (in /home/alx-low_level_programming/0x1A-hash_tables/g)
==3190== 
==3190== Conditional jump or move depends on uninitialised value(s)
==3190==    at 0x483C9F5: free (in /usr/lib/x86_64-linux-gnu/valgrind/vgpreload_memcheck-amd64-linux.so)
==3190==    by 0x10994C: hash_table_delete (in /home/alx-low_level_programming/0x1A-hash_tables/g)
==3190==    by 0x1093EF: main (in /home/alx-low_level_programming/0x1A-hash_tables/g)
==3190== 
==3190== 
==3190== HEAP SUMMARY:
==3190==     in use at exit: 393 bytes in 19 blocks
==3190==   total heap usage: 57 allocs, 38 frees, 10,056 bytes allocated
==3190== 
==3190== 24 bytes in 1 blocks are definitely lost in loss record 5 of 19
==3190==    at 0x483B7F3: malloc (in /usr/lib/x86_64-linux-gnu/valgrind/vgpreload_memcheck-amd64-linux.so)
==3190==    by 0x109617: hash_table_set (in /home/alx-low_level_programming/0x1A-hash_tables/g)
==3190==    by 0x10925C: main (in /home/alx-low_level_programming/0x1A-hash_tables/g)
==3190== 
==3190== 24 bytes in 1 blocks are definitely lost in loss record 6 of 19
==3190==    at 0x483B7F3: malloc (in /usr/lib/x86_64-linux-gnu/valgrind/vgpreload_memcheck-amd64-linux.so)
==3190==    by 0x109617: hash_table_set (in /home/alx-low_level_programming/0x1A-hash_tables/g)
==3190==    by 0x109276: main (in /home/alx-low_level_programming/0x1A-hash_tables/g)
==3190== 
==3190== 24 bytes in 1 blocks are definitely lost in loss record 7 of 19
==3190==    at 0x483B7F3: malloc (in /usr/lib/x86_64-linux-gnu/valgrind/vgpreload_memcheck-amd64-linux.so)
==3190==    by 0x109617: hash_table_set (in /home/alx-low_level_programming/0x1A-hash_tables/g)
==3190==    by 0x109290: main (in /home/alx-low_level_programming/0x1A-hash_tables/g)
==3190== 
==3190== 24 bytes in 1 blocks are definitely lost in loss record 8 of 19
==3190==    at 0x483B7F3: malloc (in /usr/lib/x86_64-linux-gnu/valgrind/vgpreload_memcheck-amd64-linux.so)
==3190==    by 0x109617: hash_table_set (in /home/alx-low_level_programming/0x1A-hash_tables/g)
==3190==    by 0x1092AA: main (in /home/alx-low_level_programming/0x1A-hash_tables/g)
==3190== 
==3190== 24 bytes in 1 blocks are definitely lost in loss record 9 of 19
==3190==    at 0x483B7F3: malloc (in /usr/lib/x86_64-linux-gnu/valgrind/vgpreload_memcheck-amd64-linux.so)
==3190==    by 0x109617: hash_table_set (in /home/alx-low_level_programming/0x1A-hash_tables/g)
==3190==    by 0x1092C4: main (in /home/alx-low_level_programming/0x1A-hash_tables/g)
==3190== 
==3190== 24 bytes in 1 blocks are definitely lost in loss record 10 of 19
==3190==    at 0x483B7F3: malloc (in /usr/lib/x86_64-linux-gnu/valgrind/vgpreload_memcheck-amd64-linux.so)
==3190==    by 0x109617: hash_table_set (in /home/alx-low_level_programming/0x1A-hash_tables/g)
==3190==    by 0x1092DE: main (in /home/alx-low_level_programming/0x1A-hash_tables/g)
==3190== 
==3190== 24 bytes in 1 blocks are definitely lost in loss record 11 of 19
==3190==    at 0x483B7F3: malloc (in /usr/lib/x86_64-linux-gnu/valgrind/vgpreload_memcheck-amd64-linux.so)
==3190==    by 0x109617: hash_table_set (in /home/alx-low_level_programming/0x1A-hash_tables/g)
==3190==    by 0x1092F8: main (in /home/alx-low_level_programming/0x1A-hash_tables/g)
==3190== 
==3190== 24 bytes in 1 blocks are definitely lost in loss record 12 of 19
==3190==    at 0x483B7F3: malloc (in /usr/lib/x86_64-linux-gnu/valgrind/vgpreload_memcheck-amd64-linux.so)
==3190==    by 0x109617: hash_table_set (in /home/alx-low_level_programming/0x1A-hash_tables/g)
==3190==    by 0x10932F: main (in /home/alx-low_level_programming/0x1A-hash_tables/g)
==3190== 
==3190== 24 bytes in 1 blocks are definitely lost in loss record 13 of 19
==3190==    at 0x483B7F3: malloc (in /usr/lib/x86_64-linux-gnu/valgrind/vgpreload_memcheck-amd64-linux.so)
==3190==    by 0x109617: hash_table_set (in /home/alx-low_level_programming/0x1A-hash_tables/g)
==3190==    by 0x10936F: main (in /home/alx-low_level_programming/0x1A-hash_tables/g)
==3190== 
==3190== 24 bytes in 1 blocks are definitely lost in loss record 14 of 19
==3190==    at 0x483B7F3: malloc (in /usr/lib/x86_64-linux-gnu/valgrind/vgpreload_memcheck-amd64-linux.so)
==3190==    by 0x109617: hash_table_set (in /home/alx-low_level_programming/0x1A-hash_tables/g)
==3190==    by 0x109389: main (in /home/alx-low_level_programming/0x1A-hash_tables/g)
==3190== 
==3190== 24 bytes in 1 blocks are definitely lost in loss record 15 of 19
==3190==    at 0x483B7F3: malloc (in /usr/lib/x86_64-linux-gnu/valgrind/vgpreload_memcheck-amd64-linux.so)
==3190==    by 0x109617: hash_table_set (in /home/alx-low_level_programming/0x1A-hash_tables/g)
==3190==    by 0x1093A3: main (in /home/alx-low_level_programming/0x1A-hash_tables/g)
==3190== 
==3190== 24 bytes in 1 blocks are definitely lost in loss record 16 of 19
==3190==    at 0x483B7F3: malloc (in /usr/lib/x86_64-linux-gnu/valgrind/vgpreload_memcheck-amd64-linux.so)
==3190==    by 0x109617: hash_table_set (in /home/alx-low_level_programming/0x1A-hash_tables/g)
==3190==    by 0x1093BD: main (in /home/alx-low_level_programming/0x1A-hash_tables/g)
==3190== 
==3190== 24 bytes in 1 blocks are definitely lost in loss record 17 of 19
==3190==    at 0x483B7F3: malloc (in /usr/lib/x86_64-linux-gnu/valgrind/vgpreload_memcheck-amd64-linux.so)
==3190==    by 0x109617: hash_table_set (in /home/alx-low_level_programming/0x1A-hash_tables/g)
==3190==    by 0x1093D7: main (in /home/alx-low_level_programming/0x1A-hash_tables/g)
==3190== 
==3190== 39 (24 direct, 15 indirect) bytes in 1 blocks are definitely lost in loss record 18 of 19
==3190==    at 0x483B7F3: malloc (in /usr/lib/x86_64-linux-gnu/valgrind/vgpreload_memcheck-amd64-linux.so)
==3190==    by 0x109537: make_node (in /home/alx-low_level_programming/0x1A-hash_tables/g)
==3190==    by 0x10963F: hash_table_set (in /home/alx-low_level_programming/0x1A-hash_tables/g)
==3190==    by 0x1093A3: main (in /home/alx-low_level_programming/0x1A-hash_tables/g)
==3190== 
==3190== 42 (24 direct, 18 indirect) bytes in 1 blocks are definitely lost in loss record 19 of 19
==3190==    at 0x483B7F3: malloc (in /usr/lib/x86_64-linux-gnu/valgrind/vgpreload_memcheck-amd64-linux.so)
==3190==    by 0x109537: make_node (in /home/alx-low_level_programming/0x1A-hash_tables/g)
==3190==    by 0x10963F: hash_table_set (in /home/alx-low_level_programming/0x1A-hash_tables/g)
==3190==    by 0x10936F: main (in /home/alx-low_level_programming/0x1A-hash_tables/g)
==3190== 
==3190== LEAK SUMMARY:
==3190==    definitely lost: 360 bytes in 15 blocks
==3190==    indirectly lost: 33 bytes in 4 blocks
==3190==      possibly lost: 0 bytes in 0 blocks
==3190==    still reachable: 0 bytes in 0 blocks
==3190==         suppressed: 0 bytes in 0 blocks
==3190== 
==3190== Use --track-origins=yes to see where uninitialised values come from
==3190== For lists of detected and suppressed errors, rerun with: -s
==3190== ERROR SUMMARY: 3072 errors from 32 contexts (suppressed: 0 from 0)
